<?xml version="1.0" encoding="UTF-8"?>
<coverage generated="1691787268701" clover="3.2.0">
  <project timestamp="1691787268702" name="All files">
    <metrics statements="86" coveredstatements="82" conditionals="31" coveredconditionals="29" methods="2" coveredmethods="2" elements="119" coveredelements="113" complexity="0" loc="86" ncloc="86" packages="1" files="1" classes="1"/>
    <file name="caixa-da-lanchonete.js" path="C:\Users\felip\Downloads\desafio-lanchonete-2023\desafio-lanchonete-2023\src\caixa-da-lanchonete.js">
      <metrics statements="86" coveredstatements="82" conditionals="31" coveredconditionals="29" methods="2" coveredmethods="2"/>
      <line num="1" count="1" type="stmt"/>
      <line num="2" count="1" type="cond" truecount="1" falsecount="0"/>
      <line num="3" count="19" type="stmt"/>
      <line num="4" count="19" type="stmt"/>
      <line num="5" count="19" type="stmt"/>
      <line num="6" count="19" type="stmt"/>
      <line num="7" count="19" type="stmt"/>
      <line num="8" count="19" type="stmt"/>
      <line num="9" count="19" type="stmt"/>
      <line num="10" count="19" type="stmt"/>
      <line num="11" count="19" type="stmt"/>
      <line num="12" count="19" type="stmt"/>
      <line num="13" count="19" type="stmt"/>
      <line num="14" count="19" type="stmt"/>
      <line num="15" count="19" type="stmt"/>
      <line num="16" count="19" type="stmt"/>
      <line num="17" count="19" type="stmt"/>
      <line num="18" count="1" type="stmt"/>
      <line num="19" count="1" type="cond" truecount="1" falsecount="0"/>
      <line num="20" count="19" type="stmt"/>
      <line num="21" count="19" type="cond" truecount="1" falsecount="0"/>
      <line num="22" count="1" type="stmt"/>
      <line num="23" count="1" type="cond" truecount="1" falsecount="0"/>
      <line num="24" count="18" type="stmt"/>
      <line num="25" count="19" type="cond" truecount="1" falsecount="0"/>
      <line num="26" count="3" type="stmt"/>
      <line num="27" count="3" type="cond" truecount="1" falsecount="0"/>
      <line num="28" count="15" type="stmt"/>
      <line num="29" count="15" type="stmt"/>
      <line num="30" count="15" type="stmt"/>
      <line num="31" count="15" type="stmt"/>
      <line num="32" count="19" type="cond" truecount="1" falsecount="0"/>
      <line num="33" count="27" type="stmt"/>
      <line num="34" count="27" type="stmt"/>
      <line num="35" count="27" type="stmt"/>
      <line num="36" count="27" type="cond" truecount="1" falsecount="0"/>
      <line num="37" count="2" type="stmt"/>
      <line num="38" count="2" type="cond" truecount="1" falsecount="0"/>
      <line num="39" count="25" type="stmt"/>
      <line num="40" count="25" type="stmt"/>
      <line num="41" count="25" type="stmt"/>
      <line num="42" count="25" type="stmt"/>
      <line num="43" count="25" type="stmt"/>
      <line num="44" count="25" type="stmt"/>
      <line num="45" count="27" type="cond" truecount="2" falsecount="0"/>
      <line num="46" count="16" type="stmt"/>
      <line num="47" count="16" type="stmt"/>
      <line num="48" count="27" type="cond" truecount="1" falsecount="0"/>
      <line num="49" count="13" type="stmt"/>
      <line num="50" count="19" type="cond" truecount="1" falsecount="0"/>
      <line num="51" count="24" type="cond" truecount="2" falsecount="0"/>
      <line num="52" count="9" type="cond" truecount="2" falsecount="0"/>
      <line num="53" count="9" type="cond" truecount="1" falsecount="0"/>
      <line num="54" count="4" type="stmt"/>
      <line num="55" count="4" type="stmt"/>
      <line num="56" count="9" type="stmt"/>
      <line num="57" count="24" type="cond" truecount="1" falsecount="0"/>
      <line num="58" count="9" type="stmt"/>
      <line num="59" count="19" type="cond" truecount="1" falsecount="0"/>
      <line num="60" count="8" type="stmt"/>
      <line num="61" count="8" type="cond" truecount="1" falsecount="0"/>
      <line num="62" count="9" type="stmt"/>
      <line num="63" count="19" type="cond" truecount="1" falsecount="0"/>
      <line num="64" count="5" type="stmt"/>
      <line num="65" count="5" type="cond" truecount="1" falsecount="0"/>
      <line num="66" count="9" type="stmt"/>
      <line num="67" count="19" type="cond" truecount="0" falsecount="1"/>
      <line num="68" count="0" type="stmt"/>
      <line num="69" count="0" type="cond" truecount="1" falsecount="0"/>
      <line num="70" count="9" type="stmt"/>
      <line num="71" count="19" type="cond" truecount="0" falsecount="1"/>
      <line num="72" count="0" type="stmt"/>
      <line num="73" count="0" type="cond" truecount="1" falsecount="0"/>
      <line num="74" count="9" type="stmt"/>
      <line num="75" count="19" type="cond" truecount="1" falsecount="0"/>
      <line num="76" count="6" type="stmt"/>
      <line num="77" count="6" type="cond" truecount="1" falsecount="0"/>
      <line num="78" count="9" type="stmt"/>
      <line num="79" count="19" type="cond" truecount="1" falsecount="0"/>
      <line num="80" count="3" type="stmt"/>
      <line num="81" count="3" type="cond" truecount="1" falsecount="0"/>
      <line num="82" count="9" type="stmt"/>
      <line num="83" count="9" type="stmt"/>
      <line num="84" count="9" type="stmt"/>
      <line num="85" count="1" type="stmt"/>
      <line num="86" count="1" type="stmt"/>
    </file>
  </project>
</coverage>
