{"C:\\Users\\felip\\Downloads\\desafio-lanchonete-2023\\desafio-lanchonete-2023\\src\\caixa-da-lanchonete.js": {"path":"C:\\Users\\felip\\Downloads\\desafio-lanchonete-2023\\desafio-lanchonete-2023\\src\\caixa-da-lanchonete.js","all":false,"statementMap":{"0":{"start":{"line":1,"column":0},"end":{"line":1,"column":25}},"1":{"start":{"line":2,"column":0},"end":{"line":2,"column":19}},"2":{"start":{"line":3,"column":0},"end":{"line":3,"column":25}},"3":{"start":{"line":4,"column":0},"end":{"line":4,"column":53}},"4":{"start":{"line":5,"column":0},"end":{"line":5,"column":77}},"5":{"start":{"line":6,"column":0},"end":{"line":6,"column":61}},"6":{"start":{"line":7,"column":0},"end":{"line":7,"column":63}},"7":{"start":{"line":8,"column":0},"end":{"line":8,"column":78}},"8":{"start":{"line":9,"column":0},"end":{"line":9,"column":59}},"9":{"start":{"line":10,"column":0},"end":{"line":10,"column":71}},"10":{"start":{"line":11,"column":0},"end":{"line":11,"column":70}},"11":{"start":{"line":12,"column":0},"end":{"line":12,"column":10}},"12":{"start":{"line":13,"column":0},"end":{"line":13,"column":0}},"13":{"start":{"line":14,"column":0},"end":{"line":14,"column":67}},"14":{"start":{"line":15,"column":0},"end":{"line":15,"column":59}},"15":{"start":{"line":16,"column":0},"end":{"line":16,"column":44}},"16":{"start":{"line":17,"column":0},"end":{"line":17,"column":5}},"17":{"start":{"line":18,"column":0},"end":{"line":18,"column":0}},"18":{"start":{"line":19,"column":0},"end":{"line":19,"column":53}},"19":{"start":{"line":20,"column":0},"end":{"line":20,"column":60}},"20":{"start":{"line":21,"column":0},"end":{"line":21,"column":66}},"21":{"start":{"line":22,"column":0},"end":{"line":22,"column":50}},"22":{"start":{"line":23,"column":0},"end":{"line":23,"column":9}},"23":{"start":{"line":24,"column":0},"end":{"line":24,"column":0}},"24":{"start":{"line":25,"column":0},"end":{"line":25,"column":33}},"25":{"start":{"line":26,"column":0},"end":{"line":26,"column":57}},"26":{"start":{"line":27,"column":0},"end":{"line":27,"column":9}},"27":{"start":{"line":28,"column":0},"end":{"line":28,"column":0}},"28":{"start":{"line":29,"column":0},"end":{"line":29,"column":27}},"29":{"start":{"line":30,"column":0},"end":{"line":30,"column":34}},"30":{"start":{"line":31,"column":0},"end":{"line":31,"column":0}},"31":{"start":{"line":32,"column":0},"end":{"line":32,"column":39}},"32":{"start":{"line":33,"column":0},"end":{"line":33,"column":61}},"33":{"start":{"line":34,"column":0},"end":{"line":34,"column":49}},"34":{"start":{"line":35,"column":0},"end":{"line":35,"column":0}},"35":{"start":{"line":36,"column":0},"end":{"line":36,"column":24}},"36":{"start":{"line":37,"column":0},"end":{"line":37,"column":40}},"37":{"start":{"line":38,"column":0},"end":{"line":38,"column":13}},"38":{"start":{"line":39,"column":0},"end":{"line":39,"column":0}},"39":{"start":{"line":40,"column":0},"end":{"line":40,"column":44}},"40":{"start":{"line":41,"column":0},"end":{"line":41,"column":45}},"41":{"start":{"line":42,"column":0},"end":{"line":42,"column":13}},"42":{"start":{"line":43,"column":0},"end":{"line":43,"column":59}},"43":{"start":{"line":44,"column":0},"end":{"line":44,"column":0}},"44":{"start":{"line":45,"column":0},"end":{"line":45,"column":67}},"45":{"start":{"line":46,"column":0},"end":{"line":46,"column":62}},"46":{"start":{"line":47,"column":0},"end":{"line":47,"column":13}},"47":{"start":{"line":48,"column":0},"end":{"line":48,"column":9}},"48":{"start":{"line":49,"column":0},"end":{"line":49,"column":0}},"49":{"start":{"line":50,"column":0},"end":{"line":50,"column":48}},"50":{"start":{"line":51,"column":0},"end":{"line":51,"column":67}},"51":{"start":{"line":52,"column":0},"end":{"line":52,"column":89}},"52":{"start":{"line":53,"column":0},"end":{"line":53,"column":57}},"53":{"start":{"line":54,"column":0},"end":{"line":54,"column":76}},"54":{"start":{"line":55,"column":0},"end":{"line":55,"column":17}},"55":{"start":{"line":56,"column":0},"end":{"line":56,"column":13}},"56":{"start":{"line":57,"column":0},"end":{"line":57,"column":9}},"57":{"start":{"line":58,"column":0},"end":{"line":58,"column":0}},"58":{"start":{"line":59,"column":0},"end":{"line":59,"column":37}},"59":{"start":{"line":60,"column":0},"end":{"line":60,"column":87}},"60":{"start":{"line":61,"column":0},"end":{"line":61,"column":9}},"61":{"start":{"line":62,"column":0},"end":{"line":62,"column":0}},"62":{"start":{"line":63,"column":0},"end":{"line":63,"column":42}},"63":{"start":{"line":64,"column":0},"end":{"line":64,"column":83}},"64":{"start":{"line":65,"column":0},"end":{"line":65,"column":9}},"65":{"start":{"line":66,"column":0},"end":{"line":66,"column":0}},"66":{"start":{"line":67,"column":0},"end":{"line":67,"column":39}},"67":{"start":{"line":68,"column":0},"end":{"line":68,"column":79}},"68":{"start":{"line":69,"column":0},"end":{"line":69,"column":9}},"69":{"start":{"line":70,"column":0},"end":{"line":70,"column":0}},"70":{"start":{"line":71,"column":0},"end":{"line":71,"column":39}},"71":{"start":{"line":72,"column":0},"end":{"line":72,"column":79}},"72":{"start":{"line":73,"column":0},"end":{"line":73,"column":9}},"73":{"start":{"line":74,"column":0},"end":{"line":74,"column":0}},"74":{"start":{"line":75,"column":0},"end":{"line":75,"column":48}},"75":{"start":{"line":76,"column":0},"end":{"line":76,"column":66}},"76":{"start":{"line":77,"column":0},"end":{"line":77,"column":9}},"77":{"start":{"line":78,"column":0},"end":{"line":78,"column":0}},"78":{"start":{"line":79,"column":0},"end":{"line":79,"column":49}},"79":{"start":{"line":80,"column":0},"end":{"line":80,"column":67}},"80":{"start":{"line":81,"column":0},"end":{"line":81,"column":9}},"81":{"start":{"line":82,"column":0},"end":{"line":82,"column":0}},"82":{"start":{"line":83,"column":0},"end":{"line":83,"column":63}},"83":{"start":{"line":84,"column":0},"end":{"line":84,"column":5}},"84":{"start":{"line":85,"column":0},"end":{"line":85,"column":1}},"85":{"start":{"line":86,"column":0},"end":{"line":86,"column":29}}},"s":{"0":1,"1":1,"2":19,"3":19,"4":19,"5":19,"6":19,"7":19,"8":19,"9":19,"10":19,"11":19,"12":19,"13":19,"14":19,"15":19,"16":19,"17":1,"18":1,"19":19,"20":19,"21":1,"22":1,"23":18,"24":19,"25":3,"26":3,"27":15,"28":15,"29":15,"30":15,"31":19,"32":27,"33":27,"34":27,"35":27,"36":2,"37":2,"38":25,"39":25,"40":25,"41":25,"42":25,"43":25,"44":27,"45":16,"46":16,"47":27,"48":13,"49":19,"50":24,"51":9,"52":9,"53":4,"54":4,"55":9,"56":24,"57":9,"58":19,"59":8,"60":8,"61":9,"62":19,"63":5,"64":5,"65":9,"66":19,"67":0,"68":0,"69":9,"70":19,"71":0,"72":0,"73":9,"74":19,"75":6,"76":6,"77":9,"78":19,"79":3,"80":3,"81":9,"82":9,"83":9,"84":1,"85":1},"branchMap":{"0":{"type":"branch","line":2,"loc":{"start":{"line":2,"column":4},"end":{"line":17,"column":5}},"locations":[{"start":{"line":2,"column":4},"end":{"line":17,"column":5}}]},"1":{"type":"branch","line":19,"loc":{"start":{"line":19,"column":4},"end":{"line":84,"column":5}},"locations":[{"start":{"line":19,"column":4},"end":{"line":84,"column":5}}]},"2":{"type":"branch","line":21,"loc":{"start":{"line":21,"column":65},"end":{"line":23,"column":9}},"locations":[{"start":{"line":21,"column":65},"end":{"line":23,"column":9}}]},"3":{"type":"branch","line":23,"loc":{"start":{"line":23,"column":8},"end":{"line":25,"column":32}},"locations":[{"start":{"line":23,"column":8},"end":{"line":25,"column":32}}]},"4":{"type":"branch","line":25,"loc":{"start":{"line":25,"column":32},"end":{"line":27,"column":9}},"locations":[{"start":{"line":25,"column":32},"end":{"line":27,"column":9}}]},"5":{"type":"branch","line":27,"loc":{"start":{"line":27,"column":8},"end":{"line":32,"column":38}},"locations":[{"start":{"line":27,"column":8},"end":{"line":32,"column":38}}]},"6":{"type":"branch","line":32,"loc":{"start":{"line":32,"column":38},"end":{"line":48,"column":9}},"locations":[{"start":{"line":32,"column":38},"end":{"line":48,"column":9}}]},"7":{"type":"branch","line":36,"loc":{"start":{"line":36,"column":23},"end":{"line":38,"column":13}},"locations":[{"start":{"line":36,"column":23},"end":{"line":38,"column":13}}]},"8":{"type":"branch","line":38,"loc":{"start":{"line":38,"column":12},"end":{"line":45,"column":43}},"locations":[{"start":{"line":38,"column":12},"end":{"line":45,"column":43}}]},"9":{"type":"branch","line":45,"loc":{"start":{"line":45,"column":39},"end":{"line":45,"column":64}},"locations":[{"start":{"line":45,"column":39},"end":{"line":45,"column":64}}]},"10":{"type":"branch","line":45,"loc":{"start":{"line":45,"column":66},"end":{"line":47,"column":13}},"locations":[{"start":{"line":45,"column":66},"end":{"line":47,"column":13}}]},"11":{"type":"branch","line":48,"loc":{"start":{"line":48,"column":8},"end":{"line":50,"column":47}},"locations":[{"start":{"line":48,"column":8},"end":{"line":50,"column":47}}]},"12":{"type":"branch","line":50,"loc":{"start":{"line":50,"column":47},"end":{"line":57,"column":9}},"locations":[{"start":{"line":50,"column":47},"end":{"line":57,"column":9}}]},"13":{"type":"branch","line":51,"loc":{"start":{"line":51,"column":39},"end":{"line":51,"column":64}},"locations":[{"start":{"line":51,"column":39},"end":{"line":51,"column":64}}]},"14":{"type":"branch","line":51,"loc":{"start":{"line":51,"column":66},"end":{"line":56,"column":13}},"locations":[{"start":{"line":51,"column":66},"end":{"line":56,"column":13}}]},"15":{"type":"branch","line":52,"loc":{"start":{"line":52,"column":65},"end":{"line":52,"column":74}},"locations":[{"start":{"line":52,"column":65},"end":{"line":52,"column":74}}]},"16":{"type":"branch","line":52,"loc":{"start":{"line":52,"column":74},"end":{"line":52,"column":88}},"locations":[{"start":{"line":52,"column":74},"end":{"line":52,"column":88}}]},"17":{"type":"branch","line":53,"loc":{"start":{"line":53,"column":56},"end":{"line":55,"column":17}},"locations":[{"start":{"line":53,"column":56},"end":{"line":55,"column":17}}]},"18":{"type":"branch","line":57,"loc":{"start":{"line":57,"column":8},"end":{"line":59,"column":36}},"locations":[{"start":{"line":57,"column":8},"end":{"line":59,"column":36}}]},"19":{"type":"branch","line":59,"loc":{"start":{"line":59,"column":36},"end":{"line":61,"column":9}},"locations":[{"start":{"line":59,"column":36},"end":{"line":61,"column":9}}]},"20":{"type":"branch","line":61,"loc":{"start":{"line":61,"column":8},"end":{"line":63,"column":41}},"locations":[{"start":{"line":61,"column":8},"end":{"line":63,"column":41}}]},"21":{"type":"branch","line":63,"loc":{"start":{"line":63,"column":41},"end":{"line":65,"column":9}},"locations":[{"start":{"line":63,"column":41},"end":{"line":65,"column":9}}]},"22":{"type":"branch","line":65,"loc":{"start":{"line":65,"column":8},"end":{"line":67,"column":38}},"locations":[{"start":{"line":65,"column":8},"end":{"line":67,"column":38}}]},"23":{"type":"branch","line":67,"loc":{"start":{"line":67,"column":38},"end":{"line":69,"column":9}},"locations":[{"start":{"line":67,"column":38},"end":{"line":69,"column":9}}]},"24":{"type":"branch","line":69,"loc":{"start":{"line":69,"column":8},"end":{"line":71,"column":38}},"locations":[{"start":{"line":69,"column":8},"end":{"line":71,"column":38}}]},"25":{"type":"branch","line":71,"loc":{"start":{"line":71,"column":38},"end":{"line":73,"column":9}},"locations":[{"start":{"line":71,"column":38},"end":{"line":73,"column":9}}]},"26":{"type":"branch","line":73,"loc":{"start":{"line":73,"column":8},"end":{"line":75,"column":47}},"locations":[{"start":{"line":73,"column":8},"end":{"line":75,"column":47}}]},"27":{"type":"branch","line":75,"loc":{"start":{"line":75,"column":47},"end":{"line":77,"column":9}},"locations":[{"start":{"line":75,"column":47},"end":{"line":77,"column":9}}]},"28":{"type":"branch","line":77,"loc":{"start":{"line":77,"column":8},"end":{"line":79,"column":48}},"locations":[{"start":{"line":77,"column":8},"end":{"line":79,"column":48}}]},"29":{"type":"branch","line":79,"loc":{"start":{"line":79,"column":48},"end":{"line":81,"column":9}},"locations":[{"start":{"line":79,"column":48},"end":{"line":81,"column":9}}]},"30":{"type":"branch","line":81,"loc":{"start":{"line":81,"column":8},"end":{"line":84,"column":5}},"locations":[{"start":{"line":81,"column":8},"end":{"line":84,"column":5}}]}},"b":{"0":[19],"1":[19],"2":[1],"3":[18],"4":[3],"5":[15],"6":[27],"7":[2],"8":[25],"9":[23],"10":[16],"11":[13],"12":[24],"13":[22],"14":[9],"15":[2],"16":[7],"17":[4],"18":[9],"19":[8],"20":[9],"21":[5],"22":[9],"23":[0],"24":[9],"25":[0],"26":[9],"27":[6],"28":[9],"29":[3],"30":[9]},"fnMap":{"0":{"name":"CaixaDaLanchonete","decl":{"start":{"line":2,"column":4},"end":{"line":17,"column":5}},"loc":{"start":{"line":2,"column":4},"end":{"line":17,"column":5}},"line":2},"1":{"name":"calcularValorDaCompra","decl":{"start":{"line":19,"column":4},"end":{"line":84,"column":5}},"loc":{"start":{"line":19,"column":4},"end":{"line":84,"column":5}},"line":19}},"f":{"0":19,"1":19}}
}
