TN:
SF:src\caixa-da-lanchonete.js
FN:2,CaixaDaLanchonete
FN:19,calcularValorDaCompra
FNF:2
FNH:2
FNDA:19,CaixaDaLanchonete
FNDA:19,calcularValorDaCompra
DA:1,1
DA:2,1
DA:3,19
DA:4,19
DA:5,19
DA:6,19
DA:7,19
DA:8,19
DA:9,19
DA:10,19
DA:11,19
DA:12,19
DA:13,19
DA:14,19
DA:15,19
DA:16,19
DA:17,19
DA:18,1
DA:19,1
DA:20,19
DA:21,19
DA:22,1
DA:23,1
DA:24,18
DA:25,19
DA:26,3
DA:27,3
DA:28,15
DA:29,15
DA:30,15
DA:31,15
DA:32,19
DA:33,27
DA:34,27
DA:35,27
DA:36,27
DA:37,2
DA:38,2
DA:39,25
DA:40,25
DA:41,25
DA:42,25
DA:43,25
DA:44,25
DA:45,27
DA:46,16
DA:47,16
DA:48,27
DA:49,13
DA:50,19
DA:51,24
DA:52,9
DA:53,9
DA:54,4
DA:55,4
DA:56,9
DA:57,24
DA:58,9
DA:59,19
DA:60,8
DA:61,8
DA:62,9
DA:63,19
DA:64,5
DA:65,5
DA:66,9
DA:67,19
DA:68,0
DA:69,0
DA:70,9
DA:71,19
DA:72,0
DA:73,0
DA:74,9
DA:75,19
DA:76,6
DA:77,6
DA:78,9
DA:79,19
DA:80,3
DA:81,3
DA:82,9
DA:83,9
DA:84,9
DA:85,1
DA:86,1
LF:86
LH:82
BRDA:2,0,0,19
BRDA:19,1,0,19
BRDA:21,2,0,1
BRDA:23,3,0,18
BRDA:25,4,0,3
BRDA:27,5,0,15
BRDA:32,6,0,27
BRDA:36,7,0,2
BRDA:38,8,0,25
BRDA:45,9,0,23
BRDA:45,10,0,16
BRDA:48,11,0,13
BRDA:50,12,0,24
BRDA:51,13,0,22
BRDA:51,14,0,9
BRDA:52,15,0,2
BRDA:52,16,0,7
BRDA:53,17,0,4
BRDA:57,18,0,9
BRDA:59,19,0,8
BRDA:61,20,0,9
BRDA:63,21,0,5
BRDA:65,22,0,9
BRDA:67,23,0,0
BRDA:69,24,0,9
BRDA:71,25,0,0
BRDA:73,26,0,9
BRDA:75,27,0,6
BRDA:77,28,0,9
BRDA:79,29,0,3
BRDA:81,30,0,9
BRF:31
BRH:29
end_of_record
